<?xml version="1.0" encoding="UTF-8"?>
<testsuite xmlns:xsi="http://www.w3.org/2001/XMLSchema-instance" xsi:noNamespaceSchemaLocation="https://maven.apache.org/surefire/maven-surefire-plugin/xsd/surefire-test-report.xsd" name="arrays.RemoveTest" time="0.029" tests="6" errors="0" skipped="0" failures="0">
  <properties>
[...]
</properties>
  <testcase name="checkIfTheValueAtPositionZeroHasBeenDeletedRecursive" classname="arrays.RemoveTest" time="0.001"/>
  <testcase name="checkIfTheValueAtPositionZeroHasBeenDeleted" classname="arrays.RemoveTest" time="0"/>
  <testcase name="checkIfTheValueAtLastPositionHasBeenDeleted" classname="arrays.RemoveTest" time="0"/>
  <testcase name="checkIfTheValueAtLastPositionHasBeenDeletedRecursive" classname="arrays.RemoveTest" time="0.004"/>
  <testcase name="checkArraySizeAfterRemovingAnIntem" classname="arrays.RemoveTest" time="0.009"/>
  <testcase name="checkArraySizeAfterRemovingAnIntemRecursive" classname="arrays.RemoveTest" time="0"/>
</testsuite>