<?xml version="1.0" encoding="UTF-8"?>
<testsuite xmlns:xsi="http://www.w3.org/2001/XMLSchema-instance" xsi:noNamespaceSchemaLocation="https://maven.apache.org/surefire/maven-surefire-plugin/xsd/surefire-test-report.xsd" name="arrays.SearchTest" time="0.018" tests="8" errors="0" skipped="0" failures="0">
  <properties>
[...]
</properties>
  <testcase name="positionReturnWithDiferenteValuesInArray_valuePositionModeOne" classname="arrays.SearchTest" time="0.002"/>
  <testcase name="positionReturnWithDiferenteValuesInArray_valuePositionModeTwo" classname="arrays.SearchTest" time="0.001"/>
  <testcase name="positionReturnWithEqualsValuesInArray_valuePositionModeOne" classname="arrays.SearchTest" time="0"/>
  <testcase name="positionReturnWithEqualsValuesInArray_valuePositionModeTwo" classname="arrays.SearchTest" time="0"/>
  <testcase name="positionReturnWithDiferenteValuesInArray_valuePositionModeThree" classname="arrays.SearchTest" time="0"/>
  <testcase name="positionReturnWithEqualsValuesInArray_valuePositionRecursive" classname="arrays.SearchTest" time="0"/>
  <testcase name="positionReturnWithEqualsValuesInArray_valuePositionModeThree" classname="arrays.SearchTest" time="0"/>
  <testcase name="positionReturnWithDiferenteValuesInArray_vvaluePositionRecursive" classname="arrays.SearchTest" time="0"/>
</testsuite>